<?xml version="1.0" encoding="UTF-8"?>
<testng-results skipped="0" failed="0" ignored="0" total="2" passed="2">
  <reporter-output>
  </reporter-output>
  <suite name="Default suite" duration-ms="25708" started-at="2017-09-03T19:21:45Z" finished-at="2017-09-03T19:22:10Z">
    <groups>
    </groups>
    <test name="Default test" duration-ms="25708" started-at="2017-09-03T19:21:45Z" finished-at="2017-09-03T19:22:10Z">
      <class name="com.dice.FirstTest">
        <test-method status="PASS" signature="firstTestMethod()[pri:0, instance:com.dice.FirstTest@735b5592]" name="firstTestMethod" duration-ms="21224" started-at="2017-09-03T22:21:45Z" finished-at="2017-09-03T22:22:06Z">
          <reporter-output>
          </reporter-output>
        </test-method> <!-- firstTestMethod -->
        <test-method status="PASS" signature="secondTestMethod()[pri:0, instance:com.dice.FirstTest@735b5592]" name="secondTestMethod" duration-ms="4450" started-at="2017-09-03T22:22:06Z" finished-at="2017-09-03T22:22:10Z">
          <reporter-output>
          </reporter-output>
        </test-method> <!-- secondTestMethod -->
      </class> <!-- com.dice.FirstTest -->
    </test> <!-- Default test -->
  </suite> <!-- Default suite -->
</testng-results>
