<?xml version="1.0" encoding="UTF-8"?>
<testng-results skipped="0" failed="0" ignored="1" total="2" passed="1">
  <reporter-output>
  </reporter-output>
  <suite name="Suite1" duration-ms="23155" started-at="2017-09-04T16:59:26Z" finished-at="2017-09-04T16:59:49Z">
    <groups>
    </groups>
    <test name="FerstTest" duration-ms="23155" started-at="2017-09-04T16:59:26Z" finished-at="2017-09-04T16:59:49Z">
      <class name="com.dice.FirstTest">
        <test-method status="PASS" signature="openDice()[pri:0, instance:com.dice.FirstTest@735b5592]" name="openDice" duration-ms="23118" started-at="2017-09-04T19:59:26Z" finished-at="2017-09-04T19:59:49Z">
          <reporter-output>
          </reporter-output>
        </test-method> <!-- openDice -->
      </class> <!-- com.dice.FirstTest -->
    </test> <!-- FerstTest -->
  </suite> <!-- Suite1 -->
</testng-results>
